<?xml version="1.0" encoding="UTF-8"?>
<!-- Generated by org.testng.reporters.JUnitReportReporter -->
<testsuite skipped="0" hostname="LAPTOP-7N9U184H" name="com.inetbanking.testCases.LoginTest" tests="1" failures="0" timestamp="19 Dec 2020 09:31:04 GMT" time="10.543" errors="0">
  <testcase name="loginTest" time="10.543" classname="com.inetbanking.testCases.LoginTest"/>
</testsuite> <!-- com.inetbanking.testCases.LoginTest -->
