<?xml version="1.0" encoding="UTF-8"?>
<!-- Generated by org.testng.reporters.JUnitReportReporter -->
<testsuite skipped="0" hostname="LAPTOP-7N9U184H" name="com.inetbanking.testCases.AddNewCustomerTest" tests="1" failures="0" timestamp="19 Dec 2020 09:31:04 GMT" time="5.244" errors="0">
  <testcase name="addCustomerTest" time="5.244" classname="com.inetbanking.testCases.AddNewCustomerTest"/>
</testsuite> <!-- com.inetbanking.testCases.AddNewCustomerTest -->
